c:\users\mansu_000\desktop\универ\3 курс\курсовая_1\water\first_shaders\debug\main.obj
c:\users\mansu_000\desktop\универ\3 курс\курсовая_1\water\first_shaders\debug\vc110.pdb
c:\users\mansu_000\desktop\универ\3 курс\курсовая_1\water\debug\simple_shaders.ilk
c:\users\mansu_000\desktop\универ\3 курс\курсовая_1\water\debug\simple_shaders.exe
c:\users\mansu_000\desktop\универ\3 курс\курсовая_1\water\debug\simple_shaders.pdb
c:\users\mi\desktop\water\first_shaders\debug\vc141.pdb
c:\users\mi\desktop\water\first_shaders\debug\vc141.idb
c:\users\mi\desktop\water\first_shaders\debug\main.obj
c:\users\mi\desktop\water\debug\water.ilk
c:\users\mi\desktop\water\debug\water.exe
c:\users\mi\desktop\water\debug\water.pdb
c:\users\mi\desktop\water\first_shaders\debug\cl.command.1.tlog
c:\users\mi\desktop\water\first_shaders\debug\cl.read.1.tlog
c:\users\mi\desktop\water\first_shaders\debug\cl.write.1.tlog
c:\users\mi\desktop\water\first_shaders\debug\link-cvtres.read.1.tlog
c:\users\mi\desktop\water\first_shaders\debug\link-cvtres.write.1.tlog
c:\users\mi\desktop\water\first_shaders\debug\link-rc.read.1.tlog
c:\users\mi\desktop\water\first_shaders\debug\link-rc.write.1.tlog
c:\users\mi\desktop\water\first_shaders\debug\link.1200-cvtres.read.1.tlog
c:\users\mi\desktop\water\first_shaders\debug\link.1200-cvtres.write.1.tlog
c:\users\mi\desktop\water\first_shaders\debug\link.1200-rc.read.1.tlog
c:\users\mi\desktop\water\first_shaders\debug\link.1200-rc.write.1.tlog
c:\users\mi\desktop\water\first_shaders\debug\link.1200.read.1.tlog
c:\users\mi\desktop\water\first_shaders\debug\link.1200.write.1.tlog
c:\users\mi\desktop\water\first_shaders\debug\link.1224-cvtres.read.1.tlog
c:\users\mi\desktop\water\first_shaders\debug\link.1224-cvtres.write.1.tlog
c:\users\mi\desktop\water\first_shaders\debug\link.1224-rc.read.1.tlog
c:\users\mi\desktop\water\first_shaders\debug\link.1224-rc.write.1.tlog
c:\users\mi\desktop\water\first_shaders\debug\link.1224.read.1.tlog
c:\users\mi\desktop\water\first_shaders\debug\link.1224.write.1.tlog
c:\users\mi\desktop\water\first_shaders\debug\link.1248-cvtres.read.1.tlog
c:\users\mi\desktop\water\first_shaders\debug\link.1248-cvtres.write.1.tlog
c:\users\mi\desktop\water\first_shaders\debug\link.1248-rc.read.1.tlog
c:\users\mi\desktop\water\first_shaders\debug\link.1248-rc.write.1.tlog
c:\users\mi\desktop\water\first_shaders\debug\link.1248.read.1.tlog
c:\users\mi\desktop\water\first_shaders\debug\link.1248.write.1.tlog
c:\users\mi\desktop\water\first_shaders\debug\link.2264-cvtres.read.1.tlog
c:\users\mi\desktop\water\first_shaders\debug\link.2264-cvtres.write.1.tlog
c:\users\mi\desktop\water\first_shaders\debug\link.2264-rc.read.1.tlog
c:\users\mi\desktop\water\first_shaders\debug\link.2264-rc.write.1.tlog
c:\users\mi\desktop\water\first_shaders\debug\link.2264.read.1.tlog
c:\users\mi\desktop\water\first_shaders\debug\link.2264.write.1.tlog
c:\users\mi\desktop\water\first_shaders\debug\link.2404-cvtres.read.1.tlog
c:\users\mi\desktop\water\first_shaders\debug\link.2404-cvtres.write.1.tlog
c:\users\mi\desktop\water\first_shaders\debug\link.2404-rc.read.1.tlog
c:\users\mi\desktop\water\first_shaders\debug\link.2404-rc.write.1.tlog
c:\users\mi\desktop\water\first_shaders\debug\link.2404.read.1.tlog
c:\users\mi\desktop\water\first_shaders\debug\link.2404.write.1.tlog
c:\users\mi\desktop\water\first_shaders\debug\link.2836-cvtres.read.1.tlog
c:\users\mi\desktop\water\first_shaders\debug\link.2836-cvtres.write.1.tlog
c:\users\mi\desktop\water\first_shaders\debug\link.2836-rc.read.1.tlog
c:\users\mi\desktop\water\first_shaders\debug\link.2836-rc.write.1.tlog
c:\users\mi\desktop\water\first_shaders\debug\link.2836.read.1.tlog
c:\users\mi\desktop\water\first_shaders\debug\link.2836.write.1.tlog
c:\users\mi\desktop\water\first_shaders\debug\link.5668-cvtres.read.1.tlog
c:\users\mi\desktop\water\first_shaders\debug\link.5668-cvtres.write.1.tlog
c:\users\mi\desktop\water\first_shaders\debug\link.5668-rc.read.1.tlog
c:\users\mi\desktop\water\first_shaders\debug\link.5668-rc.write.1.tlog
c:\users\mi\desktop\water\first_shaders\debug\link.5668.read.1.tlog
c:\users\mi\desktop\water\first_shaders\debug\link.5668.write.1.tlog
c:\users\mi\desktop\water\first_shaders\debug\link.6112-cvtres.read.1.tlog
c:\users\mi\desktop\water\first_shaders\debug\link.6112-cvtres.write.1.tlog
c:\users\mi\desktop\water\first_shaders\debug\link.6112-rc.read.1.tlog
c:\users\mi\desktop\water\first_shaders\debug\link.6112-rc.write.1.tlog
c:\users\mi\desktop\water\first_shaders\debug\link.6112.read.1.tlog
c:\users\mi\desktop\water\first_shaders\debug\link.6112.write.1.tlog
c:\users\mi\desktop\water\first_shaders\debug\link.6940-cvtres.read.1.tlog
c:\users\mi\desktop\water\first_shaders\debug\link.6940-cvtres.write.1.tlog
c:\users\mi\desktop\water\first_shaders\debug\link.6940-rc.read.1.tlog
c:\users\mi\desktop\water\first_shaders\debug\link.6940-rc.write.1.tlog
c:\users\mi\desktop\water\first_shaders\debug\link.6940.read.1.tlog
c:\users\mi\desktop\water\first_shaders\debug\link.6940.write.1.tlog
c:\users\mi\desktop\water\first_shaders\debug\link.972-cvtres.read.1.tlog
c:\users\mi\desktop\water\first_shaders\debug\link.972-cvtres.write.1.tlog
c:\users\mi\desktop\water\first_shaders\debug\link.972-rc.read.1.tlog
c:\users\mi\desktop\water\first_shaders\debug\link.972-rc.write.1.tlog
c:\users\mi\desktop\water\first_shaders\debug\link.972.read.1.tlog
c:\users\mi\desktop\water\first_shaders\debug\link.972.write.1.tlog
c:\users\mi\desktop\water\first_shaders\debug\link.command.1.tlog
c:\users\mi\desktop\water\first_shaders\debug\link.read.1.tlog
c:\users\mi\desktop\water\first_shaders\debug\link.write.1.tlog
c:\users\mi\desktop\water\first_shaders\debug\vc110.idb
c:\users\mi\desktop\water\first_shaders\debug\vc110.pdb
c:\users\mi\desktop\water\first_shaders\debug\water.tlog\cl.command.1.tlog
c:\users\mi\desktop\water\first_shaders\debug\water.tlog\cl.read.1.tlog
c:\users\mi\desktop\water\first_shaders\debug\water.tlog\cl.write.1.tlog
c:\users\mi\desktop\water\first_shaders\debug\water.tlog\link.command.1.tlog
c:\users\mi\desktop\water\first_shaders\debug\water.tlog\link.read.1.tlog
c:\users\mi\desktop\water\first_shaders\debug\water.tlog\link.write.1.tlog
